# JRE version: Java(TM) SE Runtime Environment (8.0_05-b13) (build 1.8.0_05-b13)
# Java VM: Java HotSpot(TM) 64-Bit Server VM (25.5-b02 mixed mode windows-amd64 compressed oops)
Heap:
 PSYoungGen      total 163328K, used 113102K [0x00000000eab00000, 0x00000000f5a80000, 0x0000000100000000)
  eden space 147456K, 69% used [0x00000000eab00000,0x00000000f0eaf428,0x00000000f3b00000)
  from space 15872K, 69% used [0x00000000f4a80000,0x00000000f5544568,0x00000000f5a00000)
  to   space 15872K, 0% used [0x00000000f3b00000,0x00000000f3b00000,0x00000000f4a80000)
 ParOldGen       total 109056K, used 102667K [0x00000000c0000000, 0x00000000c6a80000, 0x00000000eab00000)
  object space 109056K, 94% used [0x00000000c0000000,0x00000000c6442dc0,0x00000000c6a80000)
 Metaspace       used 97872K, capacity 109213K, committed 110196K, reserved 1144832K
  class space    used 12328K, capacity 15506K, committed 15744K, reserved 1048576K
GC Heap History (10 events):
Event: 8591.255 GC heap before
{Heap before GC invocations=112 (full 7):
 PSYoungGen      total 162304K, used 155728K [0x00000000eab00000, 0x00000000f5780000, 0x0000000100000000)
  eden space 147456K, 100% used [0x00000000eab00000,0x00000000f3b00000,0x00000000f3b00000)
  from space 14848K, 55% used [0x00000000f3b00000,0x00000000f4314070,0x00000000f4980000)
  to   space 14336K, 0% used [0x00000000f4980000,0x00000000f4980000,0x00000000f5780000)
 ParOldGen       total 109056K, used 101583K [0x00000000c0000000, 0x00000000c6a80000, 0x00000000eab00000)
  object space 109056K, 93% used [0x00000000c0000000,0x00000000c6333c10,0x00000000c6a80000)
 Metaspace       used 97772K, capacity 109131K, committed 110196K, reserved 1144832K
  class space    used 12325K, capacity 15503K, committed 15744K, reserved 1048576K
Event: 8591.265 GC heap after
Heap after GC invocations=112 (full 7):
 PSYoungGen      total 161280K, used 6196K [0x00000000eab00000, 0x00000000f5680000, 0x0000000100000000)
  eden space 147968K, 0% used [0x00000000eab00000,0x00000000eab00000,0x00000000f3b80000)
  from space 13312K, 46% used [0x00000000f4980000,0x00000000f4f8d0e0,0x00000000f5680000)
  to   space 13824K, 0% used [0x00000000f3b80000,0x00000000f3b80000,0x00000000f4900000)
 ParOldGen       total 109056K, used 101679K [0x00000000c0000000, 0x00000000c6a80000, 0x00000000eab00000)
  object space 109056K, 93% used [0x00000000c0000000,0x00000000c634bc10,0x00000000c6a80000)
 Metaspace       used 97772K, capacity 109131K, committed 110196K, reserved 1144832K
  class space    used 12325K, capacity 15503K, committed 15744K, reserved 1048576K
}
Event: 8611.905 GC heap before
{Heap before GC invocations=113 (full 7):
 PSYoungGen      total 161280K, used 154164K [0x00000000eab00000, 0x00000000f5680000, 0x0000000100000000)
  eden space 147968K, 100% used [0x00000000eab00000,0x00000000f3b80000,0x00000000f3b80000)
  from space 13312K, 46% used [0x00000000f4980000,0x00000000f4f8d0e0,0x00000000f5680000)
  to   space 13824K, 0% used [0x00000000f3b80000,0x00000000f3b80000,0x00000000f4900000)
 ParOldGen       total 109056K, used 101679K [0x00000000c0000000, 0x00000000c6a80000, 0x00000000eab00000)
  object space 109056K, 93% used [0x00000000c0000000,0x00000000c634bc10,0x00000000c6a80000)
 Metaspace       used 97800K, capacity 109137K, committed 110196K, reserved 1144832K
  class space    used 12326K, capacity 15504K, committed 15744K, reserved 1048576K
Event: 8611.918 GC heap after
Heap after GC invocations=113 (full 7):
 PSYoungGen      total 161792K, used 9015K [0x00000000eab00000, 0x00000000f5700000, 0x0000000100000000)
  eden space 147968K, 0% used [0x00000000eab00000,0x00000000eab00000,0x00000000f3b80000)
  from space 13824K, 65% used [0x00000000f3b80000,0x00000000f444dd28,0x00000000f4900000)
  to   space 13824K, 0% used [0x00000000f4980000,0x00000000f4980000,0x00000000f5700000)
 ParOldGen       total 109056K, used 101727K [0x00000000c0000000, 0x00000000c6a80000, 0x00000000eab00000)
  object space 109056K, 93% used [0x00000000c0000000,0x00000000c6357c10,0x00000000c6a80000)
 Metaspace       used 97800K, capacity 109137K, committed 110196K, reserved 1144832K
  class space    used 12326K, capacity 15504K, committed 15744K, reserved 1048576K
}
Event: 8643.764 GC heap before
{Heap before GC invocations=114 (full 7):
 PSYoungGen      total 161792K, used 156983K [0x00000000eab00000, 0x00000000f5700000, 0x0000000100000000)
  eden space 147968K, 100% used [0x00000000eab00000,0x00000000f3b80000,0x00000000f3b80000)
  from space 13824K, 65% used [0x00000000f3b80000,0x00000000f444dd28,0x00000000f4900000)
  to   space 13824K, 0% used [0x00000000f4980000,0x00000000f4980000,0x00000000f5700000)
 ParOldGen       total 109056K, used 101727K [0x00000000c0000000, 0x00000000c6a80000, 0x00000000eab00000)
  object space 109056K, 93% used [0x00000000c0000000,0x00000000c6357c10,0x00000000c6a80000)
 Metaspace       used 97819K, capacity 109143K, committed 110196K, reserved 1144832K
  class space    used 12326K, capacity 15505K, committed 15744K, reserved 1048576K
Event: 8643.777 GC heap after
Heap after GC invocations=114 (full 7):
 PSYoungGen      total 160768K, used 13146K [0x00000000eab00000, 0x00000000f5a00000, 0x0000000100000000)
  eden space 146944K, 0% used [0x00000000eab00000,0x00000000eab00000,0x00000000f3a80000)
  from space 13824K, 95% used [0x00000000f4980000,0x00000000f5656a70,0x00000000f5700000)
  to   space 15360K, 0% used [0x00000000f3a80000,0x00000000f3a80000,0x00000000f4980000)
 ParOldGen       total 109056K, used 101775K [0x00000000c0000000, 0x00000000c6a80000, 0x00000000eab00000)
  object space 109056K, 93% used [0x00000000c0000000,0x00000000c6363c10,0x00000000c6a80000)
 Metaspace       used 97819K, capacity 109143K, committed 110196K, reserved 1144832K
  class space    used 12326K, capacity 15505K, committed 15744K, reserved 1048576K
}
Event: 8699.317 GC heap before
{Heap before GC invocations=115 (full 7):
 PSYoungGen      total 160768K, used 160090K [0x00000000eab00000, 0x00000000f5a00000, 0x0000000100000000)
  eden space 146944K, 100% used [0x00000000eab00000,0x00000000f3a80000,0x00000000f3a80000)
  from space 13824K, 95% used [0x00000000f4980000,0x00000000f5656a70,0x00000000f5700000)
  to   space 15360K, 0% used [0x00000000f3a80000,0x00000000f3a80000,0x00000000f4980000)
 ParOldGen       total 109056K, used 101775K [0x00000000c0000000, 0x00000000c6a80000, 0x00000000eab00000)
  object space 109056K, 93% used [0x00000000c0000000,0x00000000c6363c10,0x00000000c6a80000)
 Metaspace       used 97860K, capacity 109213K, committed 110196K, reserved 1144832K
  class space    used 12328K, capacity 15506K, committed 15744K, reserved 1048576K
Event: 8699.329 GC heap after
Heap after GC invocations=115 (full 7):
 PSYoungGen      total 162304K, used 11267K [0x00000000eab00000, 0x00000000f5a00000, 0x0000000100000000)
  eden space 146944K, 0% used [0x00000000eab00000,0x00000000eab00000,0x00000000f3a80000)
  from space 15360K, 73% used [0x00000000f3a80000,0x00000000f4580df8,0x00000000f4980000)
  to   space 15872K, 0% used [0x00000000f4a80000,0x00000000f4a80000,0x00000000f5a00000)
 ParOldGen       total 109056K, used 102635K [0x00000000c0000000, 0x00000000c6a80000, 0x00000000eab00000)
  object space 109056K, 94% used [0x00000000c0000000,0x00000000c643adc0,0x00000000c6a80000)
 Metaspace       used 97860K, capacity 109213K, committed 110196K, reserved 1144832K
  class space    used 12328K, capacity 15506K, committed 15744K, reserved 1048576K
}
Event: 8706.864 GC heap before
{Heap before GC invocations=116 (full 7):
 PSYoungGen      total 162304K, used 157696K [0x00000000eab00000, 0x00000000f5a00000, 0x0000000100000000)
  eden space 146944K, 99% used [0x00000000eab00000,0x00000000f39ff258,0x00000000f3a80000)
  from space 15360K, 73% used [0x00000000f3a80000,0x00000000f4580df8,0x00000000f4980000)
  to   space 15872K, 0% used [0x00000000f4a80000,0x00000000f4a80000,0x00000000f5a00000)
 ParOldGen       total 109056K, used 102635K [0x00000000c0000000, 0x00000000c6a80000, 0x00000000eab00000)
  object space 109056K, 94% used [0x00000000c0000000,0x00000000c643adc0,0x00000000c6a80000)
 Metaspace       used 97870K, capacity 109213K, committed 110196K, reserved 1144832K
  class space    used 12328K, capacity 15506K, committed 15744K, reserved 1048576K
Event: 8706.881 GC heap after
Heap after GC invocations=116 (full 7):
 PSYoungGen      total 163328K, used 11025K [0x00000000eab00000, 0x00000000f5a80000, 0x0000000100000000)
  eden space 147456K, 0% used [0x00000000eab00000,0x00000000eab00000,0x00000000f3b00000)
  from space 15872K, 69% used [0x00000000f4a80000,0x00000000f5544568,0x00000000f5a00000)
  to   space 15872K, 0% used [0x00000000f3b00000,0x00000000f3b00000,0x00000000f4a80000)
 ParOldGen       total 109056K, used 102667K [0x00000000c0000000, 0x00000000c6a80000, 0x00000000eab00000)
  object space 109056K, 94% used [0x00000000c0000000,0x00000000c6442dc0,0x00000000c6a80000)
 Metaspace       used 97870K, capacity 109213K, committed 110196K, reserved 1144832K
  class space    used 12328K, capacity 15506K, committed 15744K, reserved 1048576K
}

